<?xml version="1.0" encoding="UTF-8"?>
<!-- Generated by org.testng.reporters.JUnitReportReporter -->
<testsuite hostname="DESKTOP-N2HG8IN" failures="0" tests="11" name="com.client.BookShop_KK.Module.HomePageModule.HomepageTest" time="20.041" errors="0" timestamp="2025-10-15T17:51:41 IST" skipped="0">
  <testcase classname="com.client.BookShop_KK.Module.HomePageModule.HomepageTest" name="veifyCategoryNames" time="3.737"/>
  <testcase classname="com.client.BookShop_KK.Module.HomePageModule.HomepageTest" name="veifyCategorylink" time="1.771"/>
  <testcase classname="com.client.BookShop_KK.Module.HomePageModule.HomepageTest" name="veifyCategorylink" time="1.758"/>
  <testcase classname="com.client.BookShop_KK.Module.HomePageModule.HomepageTest" name="verifySerarchBaarVisiblity" time="1.182"/>
  <testcase classname="com.client.BookShop_KK.Module.HomePageModule.HomepageTest" name="verifyPopularAuthorDisplayed" time="1.450"/>
  <testcase classname="com.client.BookShop_KK.Module.HomePageModule.HomepageTest" name="veifyCategorylink" time="1.260"/>
  <testcase classname="com.client.BookShop_KK.Module.HomePageModule.HomepageTest" name="verifyNavigationToHomePageViaLogo" time="1.632"/>
  <testcase classname="com.client.BookShop_KK.Module.HomePageModule.HomepageTest" name="verifySerarchBaarWithValidBookName" time="1.384"/>
  <testcase classname="com.client.BookShop_KK.Module.HomePageModule.HomepageTest" name="verifyPopularAuthorLink" time="2.462"/>
  <testcase classname="com.client.BookShop_KK.Module.HomePageModule.HomepageTest" name="veifyCategorylink" time="1.878"/>
  <testcase classname="com.client.BookShop_KK.Module.HomePageModule.HomepageTest" name="verifyBookbirdLogoDisplayed" time="1.527"/>
</testsuite> <!-- com.client.BookShop_KK.Module.HomePageModule.HomepageTest -->
